{"C:\\Users\\Saby_PC\\Desktop\\tesxNgrx\\src\\app\\app.component.html": {"path":"C:\\Users\\Saby_PC\\Desktop\\tesxNgrx\\src\\app\\app.component.html","statementMap":{"0":{"start":{"line":1,"column":0},"end":{"line":1,"column":175}}},"fnMap":{},"branchMap":{},"s":{"0":1},"f":{},"b":{},"inputSourceMap":null,"_coverageSchema":"1a1c01bbd47fc00a2c39e90264f33305004495a9","hash":"444d105ce03dae12ffef06d95060037b7e8623a4"}
,"C:\\Users\\Saby_PC\\Desktop\\tesxNgrx\\src\\app\\app.component.ts": {"path":"C:\\Users\\Saby_PC\\Desktop\\tesxNgrx\\src\\app\\app.component.ts","statementMap":{"0":{"start":{"line":1,"column":0},"end":{"line":1,"column":42}},"1":{"start":{"line":9,"column":0},"end":{"line":11,"column":null}},"2":{"start":{"line":10,"column":2},"end":{"line":10,"column":22}},"3":{"start":{"line":9,"column":13},"end":{"line":11,"column":null}},"4":{"start":{"line":9,"column":13},"end":{"line":9,"column":25}}},"fnMap":{"0":{"name":"(anonymous_0)","decl":{"start":{"line":9,"column":0},"end":{"line":9,"column":13}},"loc":{"start":{"line":9,"column":0},"end":{"line":11,"column":1}}}},"branchMap":{},"s":{"0":1,"1":1,"2":3,"3":1,"4":1},"f":{"0":3},"b":{}}
}
